# JRE version: OpenJDK Runtime Environment Corretto-11.0.19.7.1 (11.0.19+7) (build 11.0.19+7-LTS)
# Java VM: OpenJDK 64-Bit Server VM Corretto-11.0.19.7.1 (11.0.19+7-LTS, mixed mode, tiered, compressed oops, g1 gc, windows-amd64)
Heap:
 garbage-first heap   total 416768K, used 291112K [0x0000000080000000, 0x0000000100000000)
  region size 1024K, 115 young (117760K), 2 survivors (2048K)
 Metaspace       used 158620K, capacity 165111K, committed 180180K, reserved 1204224K
  class space    used 19058K, capacity 21355K, committed 24912K, reserved 1048576K
GC Heap History (20 events):
Event: 10957.806 GC heap before
{Heap before GC invocations=138 (full 1):
 garbage-first heap   total 416768K, used 172287K [0x0000000080000000, 0x0000000100000000)
  region size 1024K, 22 young (22528K), 21 survivors (21504K)
 Metaspace       used 157375K, capacity 163763K, committed 176852K, reserved 1202176K
  class space    used 18977K, capacity 21231K, committed 24912K, reserved 1048576K
}
Event: 10957.812 GC heap after
{Heap after GC invocations=139 (full 1):
 garbage-first heap   total 416768K, used 172569K [0x0000000080000000, 0x0000000100000000)
  region size 1024K, 3 young (3072K), 3 survivors (3072K)
 Metaspace       used 157375K, capacity 163763K, committed 176852K, reserved 1202176K
  class space    used 18977K, capacity 21231K, committed 24912K, reserved 1048576K
}
Event: 10958.417 GC heap before
{Heap before GC invocations=139 (full 1):
 garbage-first heap   total 416768K, used 234009K [0x0000000080000000, 0x0000000100000000)
  region size 1024K, 65 young (66560K), 3 survivors (3072K)
 Metaspace       used 157469K, capacity 163904K, committed 176852K, reserved 1202176K
  class space    used 18978K, capacity 21233K, committed 24912K, reserved 1048576K
}
Event: 10958.422 GC heap after
{Heap after GC invocations=140 (full 1):
 garbage-first heap   total 416768K, used 174240K [0x0000000080000000, 0x0000000100000000)
  region size 1024K, 5 young (5120K), 5 survivors (5120K)
 Metaspace       used 157469K, capacity 163904K, committed 176852K, reserved 1202176K
  class space    used 18978K, capacity 21233K, committed 24912K, reserved 1048576K
}
Event: 10959.075 GC heap before
{Heap before GC invocations=141 (full 1):
 garbage-first heap   total 416768K, used 344224K [0x0000000080000000, 0x0000000100000000)
  region size 1024K, 166 young (169984K), 5 survivors (5120K)
 Metaspace       used 159953K, capacity 166595K, committed 176852K, reserved 1202176K
  class space    used 19298K, capacity 21640K, committed 24912K, reserved 1048576K
}
Event: 10959.084 GC heap after
{Heap after GC invocations=142 (full 1):
 garbage-first heap   total 416768K, used 188190K [0x0000000080000000, 0x0000000100000000)
  region size 1024K, 16 young (16384K), 16 survivors (16384K)
 Metaspace       used 159953K, capacity 166595K, committed 176852K, reserved 1202176K
  class space    used 19298K, capacity 21640K, committed 24912K, reserved 1048576K
}
Event: 10959.128 GC heap before
{Heap before GC invocations=142 (full 1):
 garbage-first heap   total 416768K, used 192286K [0x0000000080000000, 0x0000000100000000)
  region size 1024K, 20 young (20480K), 16 survivors (16384K)
 Metaspace       used 161134K, capacity 167759K, committed 176852K, reserved 1202176K
  class space    used 19347K, capacity 21687K, committed 24912K, reserved 1048576K
}
Event: 10959.137 GC heap after
{Heap after GC invocations=143 (full 1):
 garbage-first heap   total 416768K, used 182501K [0x0000000080000000, 0x0000000100000000)
  region size 1024K, 2 young (2048K), 2 survivors (2048K)
 Metaspace       used 161134K, capacity 167759K, committed 176852K, reserved 1202176K
  class space    used 19347K, capacity 21687K, committed 24912K, reserved 1048576K
}
Event: 10959.960 GC heap before
{Heap before GC invocations=143 (full 1):
 garbage-first heap   total 416768K, used 339173K [0x0000000080000000, 0x0000000100000000)
  region size 1024K, 155 young (158720K), 2 survivors (2048K)
 Metaspace       used 170818K, capacity 178093K, committed 179924K, reserved 1204224K
  class space    used 20689K, capacity 23281K, committed 24912K, reserved 1048576K
}
Event: 10959.967 GC heap after
{Heap after GC invocations=144 (full 1):
 garbage-first heap   total 416768K, used 187332K [0x0000000080000000, 0x0000000100000000)
  region size 1024K, 7 young (7168K), 7 survivors (7168K)
 Metaspace       used 170818K, capacity 178093K, committed 179924K, reserved 1204224K
  class space    used 20689K, capacity 23281K, committed 24912K, reserved 1048576K
}
Event: 10961.087 GC heap before
{Heap before GC invocations=145 (full 1):
 garbage-first heap   total 416768K, used 347076K [0x0000000080000000, 0x0000000100000000)
  region size 1024K, 158 young (161792K), 7 survivors (7168K)
 Metaspace       used 170927K, capacity 178126K, committed 179924K, reserved 1204224K
  class space    used 20697K, capacity 23298K, committed 24912K, reserved 1048576K
}
Event: 10961.092 GC heap after
{Heap after GC invocations=146 (full 1):
 garbage-first heap   total 416768K, used 194482K [0x0000000080000000, 0x0000000100000000)
  region size 1024K, 12 young (12288K), 12 survivors (12288K)
 Metaspace       used 170927K, capacity 178126K, committed 179924K, reserved 1204224K
  class space    used 20697K, capacity 23298K, committed 24912K, reserved 1048576K
}
Event: 10961.097 GC heap before
{Heap before GC invocations=146 (full 1):
 garbage-first heap   total 416768K, used 201650K [0x0000000080000000, 0x0000000100000000)
  region size 1024K, 20 young (20480K), 12 survivors (12288K)
 Metaspace       used 170931K, capacity 178132K, committed 179924K, reserved 1204224K
  class space    used 20698K, capacity 23299K, committed 24912K, reserved 1048576K
}
Event: 10961.102 GC heap after
{Heap after GC invocations=147 (full 1):
 garbage-first heap   total 416768K, used 185517K [0x0000000080000000, 0x0000000100000000)
  region size 1024K, 2 young (2048K), 2 survivors (2048K)
 Metaspace       used 170931K, capacity 178132K, committed 179924K, reserved 1204224K
  class space    used 20698K, capacity 23299K, committed 24912K, reserved 1048576K
}
Event: 10961.194 GC heap before
{Heap before GC invocations=147 (full 1):
 garbage-first heap   total 416768K, used 342189K [0x0000000080000000, 0x0000000100000000)
  region size 1024K, 157 young (160768K), 2 survivors (2048K)
 Metaspace       used 171079K, capacity 178355K, committed 180180K, reserved 1204224K
  class space    used 20710K, capacity 23309K, committed 24912K, reserved 1048576K
}
Event: 10961.208 GC heap after
{Heap after GC invocations=148 (full 1):
 garbage-first heap   total 416768K, used 205317K [0x0000000080000000, 0x0000000100000000)
  region size 1024K, 20 young (20480K), 20 survivors (20480K)
 Metaspace       used 171079K, capacity 178355K, committed 180180K, reserved 1204224K
  class space    used 20710K, capacity 23309K, committed 24912K, reserved 1048576K
}
Event: 10961.402 GC heap before
{Heap before GC invocations=149 (full 1):
 garbage-first heap   total 416768K, used 336389K [0x0000000080000000, 0x0000000100000000)
  region size 1024K, 150 young (153600K), 20 survivors (20480K)
 Metaspace       used 158483K, capacity 164964K, committed 180180K, reserved 1204224K
  class space    used 19056K, capacity 21352K, committed 24912K, reserved 1048576K
}
Event: 10961.408 GC heap after
{Heap after GC invocations=150 (full 1):
 garbage-first heap   total 416768K, used 196707K [0x0000000080000000, 0x0000000100000000)
  region size 1024K, 5 young (5120K), 5 survivors (5120K)
 Metaspace       used 158483K, capacity 164964K, committed 180180K, reserved 1204224K
  class space    used 19056K, capacity 21352K, committed 24912K, reserved 1048576K
}
Event: 10961.419 GC heap before
{Heap before GC invocations=150 (full 1):
 garbage-first heap   total 416768K, used 212067K [0x0000000080000000, 0x0000000100000000)
  region size 1024K, 20 young (20480K), 5 survivors (5120K)
 Metaspace       used 158497K, capacity 164967K, committed 180180K, reserved 1204224K
  class space    used 19057K, capacity 21353K, committed 24912K, reserved 1048576K
}
Event: 10961.425 GC heap after
{Heap after GC invocations=151 (full 1):
 garbage-first heap   total 416768K, used 177448K [0x0000000080000000, 0x0000000100000000)
  region size 1024K, 2 young (2048K), 2 survivors (2048K)
 Metaspace       used 158497K, capacity 164967K, committed 180180K, reserved 1204224K
  class space    used 19057K, capacity 21353K, committed 24912K, reserved 1048576K
}

